# JRE version: OpenJDK Runtime Environment AdoptOpenJDK (11.0.9+11) (build 11.0.9+11)
# Java VM: OpenJDK 64-Bit Server VM AdoptOpenJDK (11.0.9+11, mixed mode, tiered, compressed oops, g1 gc, windows-amd64)
Heap:
 garbage-first heap   total 262144K, used 32329K [0x0000000701400000, 0x0000000800000000)
  region size 1024K, 31 young (31744K), 4 survivors (4096K)
 Metaspace       used 28160K, capacity 28758K, committed 29056K, reserved 1075200K
  class space    used 2863K, capacity 3103K, committed 3200K, reserved 1048576K
GC Heap History (6 events):
Event: 5.197 GC heap before
{Heap before GC invocations=0 (full 0):
 garbage-first heap   total 262144K, used 25600K [0x0000000701400000, 0x0000000800000000)
  region size 1024K, 24 young (24576K), 0 survivors (0K)
 Metaspace       used 20094K, capacity 20598K, committed 20608K, reserved 1067008K
  class space    used 2210K, capacity 2426K, committed 2432K, reserved 1048576K
}
Event: 5.201 GC heap after
{Heap after GC invocations=1 (full 0):
 garbage-first heap   total 262144K, used 4306K [0x0000000701400000, 0x0000000800000000)
  region size 1024K, 3 young (3072K), 3 survivors (3072K)
 Metaspace       used 20094K, capacity 20598K, committed 20608K, reserved 1067008K
  class space    used 2210K, capacity 2426K, committed 2432K, reserved 1048576K
}
Event: 5.933 GC heap before
{Heap before GC invocations=1 (full 0):
 garbage-first heap   total 262144K, used 157906K [0x0000000701400000, 0x0000000800000000)
  region size 1024K, 153 young (156672K), 3 survivors (3072K)
 Metaspace       used 20251K, capacity 20726K, committed 20864K, reserved 1067008K
  class space    used 2217K, capacity 2426K, committed 2432K, reserved 1048576K
}
Event: 5.936 GC heap after
{Heap after GC invocations=2 (full 0):
 garbage-first heap   total 262144K, used 4485K [0x0000000701400000, 0x0000000800000000)
  region size 1024K, 4 young (4096K), 4 survivors (4096K)
 Metaspace       used 20251K, capacity 20726K, committed 20864K, reserved 1067008K
  class space    used 2217K, capacity 2426K, committed 2432K, reserved 1048576K
}
Event: 6.429 GC heap before
{Heap before GC invocations=2 (full 0):
 garbage-first heap   total 262144K, used 73093K [0x0000000701400000, 0x0000000800000000)
  region size 1024K, 71 young (72704K), 4 survivors (4096K)
 Metaspace       used 20711K, capacity 21174K, committed 21248K, reserved 1069056K
  class space    used 2273K, capacity 2493K, committed 2560K, reserved 1048576K
}
Event: 6.432 GC heap after
{Heap after GC invocations=3 (full 0):
 garbage-first heap   total 262144K, used 5705K [0x0000000701400000, 0x0000000800000000)
  region size 1024K, 4 young (4096K), 4 survivors (4096K)
 Metaspace       used 20711K, capacity 21174K, committed 21248K, reserved 1069056K
  class space    used 2273K, capacity 2493K, committed 2560K, reserved 1048576K
}

