# JRE version: OpenJDK Runtime Environment AdoptOpenJDK (11.0.9+11) (build 11.0.9+11)
# Java VM: OpenJDK 64-Bit Server VM AdoptOpenJDK (11.0.9+11, mixed mode, tiered, compressed oops, g1 gc, windows-amd64)
Heap:
 garbage-first heap   total 131072K, used 24561K [0x0000000081400000, 0x0000000100000000)
  region size 1024K, 14 young (14336K), 3 survivors (3072K)
 Metaspace       used 27148K, capacity 27776K, committed 28028K, reserved 1075200K
  class space    used 2819K, capacity 3087K, committed 3196K, reserved 1048576K
GC Heap History (6 events):
Event: 6.037 GC heap before
{Heap before GC invocations=0 (full 0):
 garbage-first heap   total 131072K, used 15359K [0x0000000081400000, 0x0000000100000000)
  region size 1024K, 14 young (14336K), 0 survivors (0K)
 Metaspace       used 18451K, capacity 18903K, committed 18944K, reserved 1067008K
  class space    used 2083K, capacity 2288K, committed 2304K, reserved 1048576K
}
Event: 6.043 GC heap after
{Heap after GC invocations=1 (full 0):
 garbage-first heap   total 131072K, used 3876K [0x0000000081400000, 0x0000000100000000)
  region size 1024K, 2 young (2048K), 2 survivors (2048K)
 Metaspace       used 18451K, capacity 18903K, committed 18944K, reserved 1067008K
  class space    used 2083K, capacity 2288K, committed 2304K, reserved 1048576K
}
Event: 7.436 GC heap before
{Heap before GC invocations=1 (full 0):
 garbage-first heap   total 131072K, used 17188K [0x0000000081400000, 0x0000000100000000)
  region size 1024K, 10 young (10240K), 2 survivors (2048K)
 Metaspace       used 20702K, capacity 21192K, committed 21248K, reserved 1069056K
  class space    used 2310K, capacity 2547K, committed 2560K, reserved 1048576K
}
Event: 7.442 GC heap after
{Heap after GC invocations=2 (full 0):
 garbage-first heap   total 131072K, used 10591K [0x0000000081400000, 0x0000000100000000)
  region size 1024K, 1 young (1024K), 1 survivors (1024K)
 Metaspace       used 20702K, capacity 21192K, committed 21248K, reserved 1069056K
  class space    used 2310K, capacity 2547K, committed 2560K, reserved 1048576K
}
Event: 8.552 GC heap before
{Heap before GC invocations=3 (full 0):
 garbage-first heap   total 131072K, used 34143K [0x0000000081400000, 0x0000000100000000)
  region size 1024K, 25 young (25600K), 1 survivors (1024K)
 Metaspace       used 25273K, capacity 25825K, committed 26236K, reserved 1073152K
  class space    used 2570K, capacity 2806K, committed 2940K, reserved 1048576K
}
Event: 8.561 GC heap after
{Heap after GC invocations=4 (full 0):
 garbage-first heap   total 131072K, used 11249K [0x0000000081400000, 0x0000000100000000)
  region size 1024K, 3 young (3072K), 3 survivors (3072K)
 Metaspace       used 25273K, capacity 25825K, committed 26236K, reserved 1073152K
  class space    used 2570K, capacity 2806K, committed 2940K, reserved 1048576K
}

