# JRE version: OpenJDK Runtime Environment AdoptOpenJDK (11.0.9+11) (build 11.0.9+11)
# Java VM: OpenJDK 64-Bit Server VM AdoptOpenJDK (11.0.9+11, mixed mode, tiered, compressed oops, g1 gc, windows-amd64)
Heap:
 garbage-first heap   total 131072K, used 27771K [0x0000000081400000, 0x0000000100000000)
  region size 1024K, 17 young (17408K), 3 survivors (3072K)
 Metaspace       used 27144K, capacity 27777K, committed 28028K, reserved 1075200K
  class space    used 2819K, capacity 3087K, committed 3196K, reserved 1048576K
GC Heap History (6 events):
Event: 9.911 GC heap before
{Heap before GC invocations=0 (full 0):
 garbage-first heap   total 131072K, used 20480K [0x0000000081400000, 0x0000000100000000)
  region size 1024K, 14 young (14336K), 0 survivors (0K)
 Metaspace       used 18632K, capacity 19098K, committed 19200K, reserved 1067008K
  class space    used 2098K, capacity 2289K, committed 2304K, reserved 1048576K
}
Event: 9.936 GC heap after
{Heap after GC invocations=1 (full 0):
 garbage-first heap   total 131072K, used 9206K [0x0000000081400000, 0x0000000100000000)
  region size 1024K, 2 young (2048K), 2 survivors (2048K)
 Metaspace       used 18632K, capacity 19098K, committed 19200K, reserved 1067008K
  class space    used 2098K, capacity 2289K, committed 2304K, reserved 1048576K
}
Event: 10.646 GC heap before
{Heap before GC invocations=1 (full 0):
 garbage-first heap   total 131072K, used 14326K [0x0000000081400000, 0x0000000100000000)
  region size 1024K, 7 young (7168K), 2 survivors (2048K)
 Metaspace       used 20702K, capacity 21193K, committed 21248K, reserved 1069056K
  class space    used 2309K, capacity 2547K, committed 2560K, reserved 1048576K
}
Event: 10.651 GC heap after
{Heap after GC invocations=2 (full 0):
 garbage-first heap   total 131072K, used 10740K [0x0000000081400000, 0x0000000100000000)
  region size 1024K, 1 young (1024K), 1 survivors (1024K)
 Metaspace       used 20702K, capacity 21193K, committed 21248K, reserved 1069056K
  class space    used 2309K, capacity 2547K, committed 2560K, reserved 1048576K
}
Event: 11.658 GC heap before
{Heap before GC invocations=3 (full 0):
 garbage-first heap   total 131072K, used 31220K [0x0000000081400000, 0x0000000100000000)
  region size 1024K, 22 young (22528K), 1 survivors (1024K)
 Metaspace       used 25261K, capacity 25826K, committed 26236K, reserved 1073152K
  class space    used 2569K, capacity 2806K, committed 2940K, reserved 1048576K
}
Event: 11.667 GC heap after
{Heap after GC invocations=4 (full 0):
 garbage-first heap   total 131072K, used 11387K [0x0000000081400000, 0x0000000100000000)
  region size 1024K, 3 young (3072K), 3 survivors (3072K)
 Metaspace       used 25261K, capacity 25826K, committed 26236K, reserved 1073152K
  class space    used 2569K, capacity 2806K, committed 2940K, reserved 1048576K
}

